<?xml version="1.0" encoding="UTF-8"?>
<!-- Generated by org.testng.reporters.JUnitReportReporter -->
<testsuite hostname="Kuldeep" failures="0" tests="1" name="com.KuldeepSingh.AssignmentSelenium.PurchaseFromDemoblaze" time="8.019" errors="0" timestamp="20 Dec. 2022 22:20:26 GMT" skipped="0">
  <testcase classname="com.KuldeepSingh.AssignmentSelenium.PurchaseFromDemoblaze" name="purchaseItem" time="8.019"/>
</testsuite> <!-- com.KuldeepSingh.AssignmentSelenium.PurchaseFromDemoblaze -->
