<?xml version="1.0" encoding="UTF-8"?>
<!-- Generated by org.testng.reporters.JUnitReportReporter -->
<testsuite hostname="Kuldeep" failures="0" tests="1" name="com.KuldeepSingh.AssignmentSelenium.Q2MouseHover" time="12.949" errors="0" timestamp="20 Dec. 2022 22:11:42 GMT" skipped="0">
  <testcase classname="com.KuldeepSingh.AssignmentSelenium.Q2MouseHover" name="openLinks" time="12.949"/>
</testsuite> <!-- com.KuldeepSingh.AssignmentSelenium.Q2MouseHover -->
