<?xml version="1.0" encoding="UTF-8"?>
<!-- Generated by org.testng.reporters.JUnitReportReporter -->
<testsuite hostname="Kuldeep" failures="0" tests="1" name="com.KuldeepSingh.AssignmentSelenium.Q3MultipleTabs" time="10.056" errors="0" timestamp="22 Dec. 2022 02:12:18 GMT" skipped="0">
  <testcase classname="com.KuldeepSingh.AssignmentSelenium.Q3MultipleTabs" name="openLinks" time="10.056"/>
</testsuite> <!-- com.KuldeepSingh.AssignmentSelenium.Q3MultipleTabs -->
